\BOOKMARK [0][-]{chapter.1}{Summary}{}% 1
\BOOKMARK [1][-]{section.1.1}{``What type of Marine do you want to be?"}{chapter.1}% 2
\BOOKMARK [2][-]{subsection.1.1.1}{List your goals for your USMC tenure}{section.1.1}% 3
\BOOKMARK [2][-]{subsection.1.1.2}{What type of Marine do you want to be?}{section.1.1}% 4
\BOOKMARK [2][-]{subsection.1.1.3}{Control your Impression}{section.1.1}% 5
\BOOKMARK [2][-]{subsection.1.1.4}{SMART Goals; Short Term and Long Term}{section.1.1}% 6
\BOOKMARK [2][-]{subsection.1.1.5}{Define your path to better yourself}{section.1.1}% 7
\BOOKMARK [2][-]{subsection.1.1.6}{What kind of Corps do you want to serve?}{section.1.1}% 8
\BOOKMARK [2][-]{subsection.1.1.7}{What do you want to accomplish?}{section.1.1}% 9
\BOOKMARK [2][-]{subsection.1.1.8}{Put down the dream-killers \204 what are they?}{section.1.1}% 10
\BOOKMARK [2][-]{subsection.1.1.9}{A marathon is a product of individual steps}{section.1.1}% 11
\BOOKMARK [2][-]{subsection.1.1.10}{Be as productive as possible \204 get immersed in your job first}{section.1.1}% 12
\BOOKMARK [2][-]{subsection.1.1.11}{If you waste your potential, you let yourself down}{section.1.1}% 13
\BOOKMARK [2][-]{subsection.1.1.12}{What have you already done to get to your goals?}{section.1.1}% 14
\BOOKMARK [2][-]{subsection.1.1.13}{What will you sacrifice? And what is practical?}{section.1.1}% 15
\BOOKMARK [2][-]{subsection.1.1.14}{How can you work with others to help you get to your goals?}{section.1.1}% 16
\BOOKMARK [2][-]{subsection.1.1.15}{How will you manage your time requirements?}{section.1.1}% 17
\BOOKMARK [2][-]{subsection.1.1.16}{What are good starter goals, to get familiar with the process?}{section.1.1}% 18
\BOOKMARK [2][-]{subsection.1.1.17}{How will you pace yourself and not sacrifice the wrong things?}{section.1.1}% 19
\BOOKMARK [2][-]{subsection.1.1.18}{Earn your reputation}{section.1.1}% 20
\BOOKMARK [2][-]{subsection.1.1.19}{Pay your dues}{section.1.1}% 21
\BOOKMARK [2][-]{subsection.1.1.20}{What books could you read to improve this process?}{section.1.1}% 22
\BOOKMARK [2][-]{subsection.1.1.21}{What books should you read regardless?}{section.1.1}% 23
\BOOKMARK [2][-]{subsection.1.1.22}{You either have ``it", or you don't. Set the expectation that others should strive to have}{section.1.1}% 24
\BOOKMARK [2][-]{subsection.1.1.23}{What long term goals have value that's difficult to measure?}{section.1.1}% 25
\BOOKMARK [2][-]{subsection.1.1.24}{How will you revise your goals regularly?}{section.1.1}% 26
\BOOKMARK [2][-]{subsection.1.1.25}{Your decisions are your dues}{section.1.1}% 27
\BOOKMARK [2][-]{subsection.1.1.26}{Accomplish what you're told}{section.1.1}% 28
\BOOKMARK [2][-]{subsection.1.1.27}{Ask for permission and sympathy when appropriate}{section.1.1}% 29
\BOOKMARK [2][-]{subsection.1.1.28}{You do not need your hand held}{section.1.1}% 30
\BOOKMARK [2][-]{subsection.1.1.29}{Take an English 1 \046 2 course \(eventually\)}{section.1.1}% 31
\BOOKMARK [2][-]{subsection.1.1.30}{Planning is key}{section.1.1}% 32
\BOOKMARK [0][-]{chapter.2}{Primary Concerns}{}% 33
\BOOKMARK [0][-]{chapter.3}{Context}{}% 34
\BOOKMARK [1][-]{section.3.1}{<any sub section here>}{chapter.3}% 35
\BOOKMARK [1][-]{section.3.2}{<related material>}{chapter.3}% 36
\BOOKMARK [2][-]{subsection.3.2.1}{<Sub-subsection title>}{section.3.2}% 37
\BOOKMARK [2][-]{subsection.3.2.2}{<Sub-subsection title>}{section.3.2}% 38
\BOOKMARK [0][-]{chapter.4}{What do I Want?}{}% 39
\BOOKMARK [0][-]{chapter.5}{Characteristics}{}% 40
\BOOKMARK [0][-]{chapter.6}{Principals}{}% 41
\BOOKMARK [0][-]{chapter.7}{Consequences}{}% 42
\BOOKMARK [0][-]{chapter.8}{Conclusion}{}% 43
\BOOKMARK [0][-]{section*.2}{References}{}% 44
\BOOKMARK [0][-]{chapter.9}{Weekly Goals}{}% 45
\BOOKMARK [1][-]{section.9.1}{20200420}{chapter.9}% 46
\BOOKMARK [0][-]{chapter.10}{Monthly Goals}{}% 47
\BOOKMARK [1][-]{section.10.1}{April 2020}{chapter.10}% 48
\BOOKMARK [0][-]{chapter.11}{Quarterly Goals}{}% 49
\BOOKMARK [1][-]{section.11.1}{April \204 June 2020}{chapter.11}% 50
\BOOKMARK [0][-]{chapter.12}{Yearly Goals}{}% 51
\BOOKMARK [1][-]{section.12.1}{2020}{chapter.12}% 52
